Array
(
    [hi] => 5
    [is] => 4
    [hello] => 2
    [righty] => 2
    [the] => 2
    [reims] => 2
    [i] => 1
    [love] => 1
    [canterbury] => 1
    [it] => 1
    [a] => 1
    [hoot] => 1
    [comments] => 1
    [work] => 1
    [who] => 1
    [can] => 1
    [believe] => 1
    [that] => 1
    [this] => 1
    [website] => 1
    [so] => 1
    [cool] => 1
    [my] => 1
    [favourite] => 1
    [point] => 1
    [of] => 1
    [interest] => 1
    [cathedral] => 1
    [pefect] => 1
    [place] => 1
    [for] => 1
    [canterburys] => 1
    [twin] => 1
    [city] => 1
)
