Array
(
    [hi] => 5
    [is] => 5
    [reims] => 4
    [place] => 3
    [i] => 3
    [love] => 3
    [canterbury] => 3
    [righty] => 2
    [for] => 2
    [great] => 1
    [to] => 1
    [visit] => 1
    [siuuu] => 1
    [it] => 1
    [a] => 1
    [hoot] => 1
    [best] => 1
    [in] => 1
    [france] => 1
    [who] => 1
    [can] => 1
    [believe] => 1
    [that] => 1
    [this] => 1
    [website] => 1
    [so] => 1
    [cool] => 1
    [my] => 1
    [favourite] => 1
    [point] => 1
    [of] => 1
    [interest] => 1
    [cathedral] => 1
    [the] => 1
    [pefect] => 1
    [canterburys] => 1
    [twin] => 1
    [city] => 1
    [testing] => 1
    [test] => 1
    [famous] => 1
    [its] => 1
    [pasties] => 1
)
